<?xml version="1.0" encoding="UTF-8"?>
<!-- Generated by org.testng.reporters.JUnitReportReporter -->
<testsuite hostname="IVLT-WIN" failures="0" tests="6" name="Test.day3" time="0.013" errors="0" timestamp="2022-04-13T00:28:54 BOT" skipped="0">
  <testcase classname="Test.day3" name="MobileCRMGoals" time="0.002"/>
  <system-out/>
  <testcase classname="Test.day3" name="CRMReports" time="0.004"/>
  <system-out/>
  <testcase classname="Test.day3" name="MobileCRMContacts" time="0.003"/>
  <system-out/>
  <testcase classname="Test.day3" name="MobileCRMReports" time="0.002"/>
  <system-out/>
  <testcase classname="Test.day3" name="MobileCRMSettings" time="0.001"/>
  <system-out/>
  <testcase classname="Test.day3" name="CRMActivityList" time="0.001"/>
  <system-out/>
</testsuite> <!-- Test.day3 -->
