<?xml version="1.0" encoding="UTF-8"?>
<!-- Generated by org.testng.reporters.JUnitReportReporter -->
<testsuite hostname="IVLT-WIN" failures="0" tests="3" name="Test.day1" time="0.021" errors="0" timestamp="2022-04-11T00:32:03 BOT" skipped="0">
  <testcase classname="Test.day1" name="MobileLoginCRM" time="0.006"/>
  <system-out/>
  <testcase classname="Test.day1" name="WebLoginCRM" time="0.002"/>
  <system-out/>
  <testcase classname="Test.day1" name="LoginAPICRM" time="0.013"/>
  <system-out/>
</testsuite> <!-- Test.day1 -->
