<?xml version="1.0" encoding="UTF-8"?>
<!-- Generated by org.testng.reporters.JUnitReportReporter -->
<testsuite hostname="IVLT-WIN" failures="0" tests="3" name="Test.day2" time="0.007" errors="0" timestamp="2022-04-11T23:19:50 BOT" skipped="0">
  <testcase classname="Test.day2" name="MobileLoginCRMDashboard" time="0.002"/>
  <system-out/>
  <testcase classname="Test.day2" name="WebLoginCRMDashboard" time="0.003"/>
  <system-out/>
  <testcase classname="Test.day2" name="LoginAPICRMDashboard" time="0.002"/>
  <system-out/>
</testsuite> <!-- Test.day2 -->
