<?xml version="1.0" encoding="UTF-8"?>
<!-- Generated by org.testng.reporters.JUnitReportReporter -->
<testsuite hostname="IVLT-WIN" failures="0" tests="4" name="Test.day4" time="0.031" errors="0" timestamp="2022-04-13T00:28:54 BOT" skipped="0">
  <testcase classname="Test.day4" name="CRMUserList" time="0.010"/>
  <system-out/>
  <testcase classname="Test.day4" name="CRMUserList" time="0.002"/>
  <system-out/>
  <testcase classname="Test.day4" name="CRMUserList" time="0.014"/>
  <system-out/>
  <testcase classname="Test.day4" name="CRMUserProfile" time="0.005"/>
  <system-out/>
</testsuite> <!-- Test.day4 -->
