<?xml version="1.0" encoding="UTF-8"?>
<!-- Generated by org.testng.reporters.JUnitReportReporter -->
<testsuite hostname="IVLT-WIN" failures="0" tests="2" name="Test.day3" time="0.005" errors="0" timestamp="2022-04-11T00:32:03 BOT" skipped="0">
  <testcase classname="Test.day3" name="CRMReports" time="0.003"/>
  <system-out/>
  <testcase classname="Test.day3" name="CRMActivityList" time="0.002"/>
  <system-out/>
</testsuite> <!-- Test.day3 -->
