<?xml version="1.0" encoding="UTF-8"?>
<!-- Generated by org.testng.reporters.JUnitReportReporter -->
<testsuite hostname="IVLT-WIN" failures="0" tests="1" name="Test.day1" time="0.012" errors="0" timestamp="2022-04-10T23:55:14 BOT" skipped="0">
  <testcase classname="Test.day1" name="Demo" time="0.012"/>
  <system-out/>
</testsuite> <!-- Test.day1 -->
