<?xml version="1.0" encoding="UTF-8"?>
<!-- Generated by org.testng.reporters.JUnitReportReporter -->
<testsuite hostname="IVLT-WIN" failures="0" tests="2" name="Test.day4" time="0.003" errors="0" timestamp="2022-04-11T23:19:50 BOT" skipped="0">
  <testcase classname="Test.day4" name="CRMUserList" time="0.001"/>
  <system-out/>
  <testcase classname="Test.day4" name="CRMUserProfile" time="0.002"/>
  <system-out/>
</testsuite> <!-- Test.day4 -->
